2022.09.03 12:12:56 WARN  es[][o.e.c.r.a.DiskThresholdMonitor] flood stage disk watermark [95%] exceeded on [ZnD9i9X7Q5a7M2nqwTz6Fg][sonarqube][/Users/macamara/Downloads/sonarqube-9.5.0.56709/data/es7/nodes/0] free: 6.3gb[2.7%], all indices on this node will be marked read-only
2022.09.03 12:12:55 WARN  es[][o.e.t.ThreadPool] timer thread slept for [1.5d/136464296ms] on absolute clock which is above the warn threshold of [5000ms]
2022.09.03 12:12:57 WARN  es[][o.e.t.ThreadPool] timer thread slept for [20.3s/20307445051ns] on relative clock which is above the warn threshold of [5000ms]
2022.09.03 12:13:27 WARN  es[][o.e.c.r.a.DiskThresholdMonitor] flood stage disk watermark [95%] exceeded on [ZnD9i9X7Q5a7M2nqwTz6Fg][sonarqube][/Users/macamara/Downloads/sonarqube-9.5.0.56709/data/es7/nodes/0] free: 9.8gb[4.2%], all indices on this node will be marked read-only
2022.09.03 12:13:57 WARN  es[][o.e.c.r.a.DiskThresholdMonitor] flood stage disk watermark [95%] exceeded on [ZnD9i9X7Q5a7M2nqwTz6Fg][sonarqube][/Users/macamara/Downloads/sonarqube-9.5.0.56709/data/es7/nodes/0] free: 9.8gb[4.2%], all indices on this node will be marked read-only
2022.09.03 12:14:27 WARN  es[][o.e.c.r.a.DiskThresholdMonitor] flood stage disk watermark [95%] exceeded on [ZnD9i9X7Q5a7M2nqwTz6Fg][sonarqube][/Users/macamara/Downloads/sonarqube-9.5.0.56709/data/es7/nodes/0] free: 9.8gb[4.2%], all indices on this node will be marked read-only
2022.09.03 12:14:57 WARN  es[][o.e.c.r.a.DiskThresholdMonitor] flood stage disk watermark [95%] exceeded on [ZnD9i9X7Q5a7M2nqwTz6Fg][sonarqube][/Users/macamara/Downloads/sonarqube-9.5.0.56709/data/es7/nodes/0] free: 9.8gb[4.2%], all indices on this node will be marked read-only
2022.09.03 12:15:23 WARN  es[][o.e.t.ThreadPool] absolute clock went backwards by [1.3s/1308ms] while timer thread was sleeping
2022.09.03 12:15:25 WARN  es[][o.e.c.r.a.DiskThresholdMonitor] flood stage disk watermark [95%] exceeded on [ZnD9i9X7Q5a7M2nqwTz6Fg][sonarqube][/Users/macamara/Downloads/sonarqube-9.5.0.56709/data/es7/nodes/0] free: 9.7gb[4.1%], all indices on this node will be marked read-only
2022.09.03 12:15:55 WARN  es[][o.e.c.r.a.DiskThresholdMonitor] flood stage disk watermark [95%] exceeded on [ZnD9i9X7Q5a7M2nqwTz6Fg][sonarqube][/Users/macamara/Downloads/sonarqube-9.5.0.56709/data/es7/nodes/0] free: 8.7gb[3.7%], all indices on this node will be marked read-only
2022.09.03 12:16:25 WARN  es[][o.e.c.r.a.DiskThresholdMonitor] flood stage disk watermark [95%] exceeded on [ZnD9i9X7Q5a7M2nqwTz6Fg][sonarqube][/Users/macamara/Downloads/sonarqube-9.5.0.56709/data/es7/nodes/0] free: 8.7gb[3.7%], all indices on this node will be marked read-only
2022.09.03 12:16:55 WARN  es[][o.e.c.r.a.DiskThresholdMonitor] flood stage disk watermark [95%] exceeded on [ZnD9i9X7Q5a7M2nqwTz6Fg][sonarqube][/Users/macamara/Downloads/sonarqube-9.5.0.56709/data/es7/nodes/0] free: 8.7gb[3.7%], all indices on this node will be marked read-only
2022.09.03 12:17:25 WARN  es[][o.e.c.r.a.DiskThresholdMonitor] flood stage disk watermark [95%] exceeded on [ZnD9i9X7Q5a7M2nqwTz6Fg][sonarqube][/Users/macamara/Downloads/sonarqube-9.5.0.56709/data/es7/nodes/0] free: 8.7gb[3.7%], all indices on this node will be marked read-only
2022.09.03 12:17:55 WARN  es[][o.e.c.r.a.DiskThresholdMonitor] flood stage disk watermark [95%] exceeded on [ZnD9i9X7Q5a7M2nqwTz6Fg][sonarqube][/Users/macamara/Downloads/sonarqube-9.5.0.56709/data/es7/nodes/0] free: 8.7gb[3.7%], all indices on this node will be marked read-only
2022.09.03 12:18:25 WARN  es[][o.e.c.r.a.DiskThresholdMonitor] flood stage disk watermark [95%] exceeded on [ZnD9i9X7Q5a7M2nqwTz6Fg][sonarqube][/Users/macamara/Downloads/sonarqube-9.5.0.56709/data/es7/nodes/0] free: 8.7gb[3.7%], all indices on this node will be marked read-only
2022.09.03 12:18:55 WARN  es[][o.e.c.r.a.DiskThresholdMonitor] flood stage disk watermark [95%] exceeded on [ZnD9i9X7Q5a7M2nqwTz6Fg][sonarqube][/Users/macamara/Downloads/sonarqube-9.5.0.56709/data/es7/nodes/0] free: 8.7gb[3.7%], all indices on this node will be marked read-only
2022.09.03 12:19:25 WARN  es[][o.e.c.r.a.DiskThresholdMonitor] flood stage disk watermark [95%] exceeded on [ZnD9i9X7Q5a7M2nqwTz6Fg][sonarqube][/Users/macamara/Downloads/sonarqube-9.5.0.56709/data/es7/nodes/0] free: 8.7gb[3.7%], all indices on this node will be marked read-only
2022.09.03 12:19:55 WARN  es[][o.e.c.r.a.DiskThresholdMonitor] flood stage disk watermark [95%] exceeded on [ZnD9i9X7Q5a7M2nqwTz6Fg][sonarqube][/Users/macamara/Downloads/sonarqube-9.5.0.56709/data/es7/nodes/0] free: 8.7gb[3.7%], all indices on this node will be marked read-only
2022.09.03 12:20:25 WARN  es[][o.e.c.r.a.DiskThresholdMonitor] flood stage disk watermark [95%] exceeded on [ZnD9i9X7Q5a7M2nqwTz6Fg][sonarqube][/Users/macamara/Downloads/sonarqube-9.5.0.56709/data/es7/nodes/0] free: 8.7gb[3.7%], all indices on this node will be marked read-only
2022.09.03 12:20:55 WARN  es[][o.e.c.r.a.DiskThresholdMonitor] flood stage disk watermark [95%] exceeded on [ZnD9i9X7Q5a7M2nqwTz6Fg][sonarqube][/Users/macamara/Downloads/sonarqube-9.5.0.56709/data/es7/nodes/0] free: 8.7gb[3.7%], all indices on this node will be marked read-only
2022.09.03 12:21:26 WARN  es[][o.e.c.r.a.DiskThresholdMonitor] flood stage disk watermark [95%] exceeded on [ZnD9i9X7Q5a7M2nqwTz6Fg][sonarqube][/Users/macamara/Downloads/sonarqube-9.5.0.56709/data/es7/nodes/0] free: 8.7gb[3.7%], all indices on this node will be marked read-only
2022.09.03 12:21:56 WARN  es[][o.e.c.r.a.DiskThresholdMonitor] flood stage disk watermark [95%] exceeded on [ZnD9i9X7Q5a7M2nqwTz6Fg][sonarqube][/Users/macamara/Downloads/sonarqube-9.5.0.56709/data/es7/nodes/0] free: 8.7gb[3.7%], all indices on this node will be marked read-only
2022.09.03 12:22:26 WARN  es[][o.e.c.r.a.DiskThresholdMonitor] flood stage disk watermark [95%] exceeded on [ZnD9i9X7Q5a7M2nqwTz6Fg][sonarqube][/Users/macamara/Downloads/sonarqube-9.5.0.56709/data/es7/nodes/0] free: 8.7gb[3.7%], all indices on this node will be marked read-only
2022.09.03 12:22:56 WARN  es[][o.e.c.r.a.DiskThresholdMonitor] flood stage disk watermark [95%] exceeded on [ZnD9i9X7Q5a7M2nqwTz6Fg][sonarqube][/Users/macamara/Downloads/sonarqube-9.5.0.56709/data/es7/nodes/0] free: 9.7gb[4.1%], all indices on this node will be marked read-only
2022.09.03 12:23:26 WARN  es[][o.e.c.r.a.DiskThresholdMonitor] flood stage disk watermark [95%] exceeded on [ZnD9i9X7Q5a7M2nqwTz6Fg][sonarqube][/Users/macamara/Downloads/sonarqube-9.5.0.56709/data/es7/nodes/0] free: 8.7gb[3.7%], all indices on this node will be marked read-only
2022.09.03 12:23:56 WARN  es[][o.e.c.r.a.DiskThresholdMonitor] flood stage disk watermark [95%] exceeded on [ZnD9i9X7Q5a7M2nqwTz6Fg][sonarqube][/Users/macamara/Downloads/sonarqube-9.5.0.56709/data/es7/nodes/0] free: 9.7gb[4.1%], all indices on this node will be marked read-only
2022.09.03 12:24:26 WARN  es[][o.e.c.r.a.DiskThresholdMonitor] flood stage disk watermark [95%] exceeded on [ZnD9i9X7Q5a7M2nqwTz6Fg][sonarqube][/Users/macamara/Downloads/sonarqube-9.5.0.56709/data/es7/nodes/0] free: 9.7gb[4.1%], all indices on this node will be marked read-only
2022.09.03 12:24:56 WARN  es[][o.e.c.r.a.DiskThresholdMonitor] flood stage disk watermark [95%] exceeded on [ZnD9i9X7Q5a7M2nqwTz6Fg][sonarqube][/Users/macamara/Downloads/sonarqube-9.5.0.56709/data/es7/nodes/0] free: 9.7gb[4.1%], all indices on this node will be marked read-only
2022.09.03 12:25:26 WARN  es[][o.e.c.r.a.DiskThresholdMonitor] flood stage disk watermark [95%] exceeded on [ZnD9i9X7Q5a7M2nqwTz6Fg][sonarqube][/Users/macamara/Downloads/sonarqube-9.5.0.56709/data/es7/nodes/0] free: 9.7gb[4.1%], all indices on this node will be marked read-only
2022.09.03 12:25:56 WARN  es[][o.e.c.r.a.DiskThresholdMonitor] flood stage disk watermark [95%] exceeded on [ZnD9i9X7Q5a7M2nqwTz6Fg][sonarqube][/Users/macamara/Downloads/sonarqube-9.5.0.56709/data/es7/nodes/0] free: 9.7gb[4.1%], all indices on this node will be marked read-only
2022.09.03 12:26:26 WARN  es[][o.e.c.r.a.DiskThresholdMonitor] flood stage disk watermark [95%] exceeded on [ZnD9i9X7Q5a7M2nqwTz6Fg][sonarqube][/Users/macamara/Downloads/sonarqube-9.5.0.56709/data/es7/nodes/0] free: 9.7gb[4.1%], all indices on this node will be marked read-only
2022.09.03 12:26:56 WARN  es[][o.e.c.r.a.DiskThresholdMonitor] flood stage disk watermark [95%] exceeded on [ZnD9i9X7Q5a7M2nqwTz6Fg][sonarqube][/Users/macamara/Downloads/sonarqube-9.5.0.56709/data/es7/nodes/0] free: 9.7gb[4.1%], all indices on this node will be marked read-only
2022.09.03 12:27:26 WARN  es[][o.e.c.r.a.DiskThresholdMonitor] flood stage disk watermark [95%] exceeded on [ZnD9i9X7Q5a7M2nqwTz6Fg][sonarqube][/Users/macamara/Downloads/sonarqube-9.5.0.56709/data/es7/nodes/0] free: 9.7gb[4.1%], all indices on this node will be marked read-only
2022.09.03 12:27:56 WARN  es[][o.e.c.r.a.DiskThresholdMonitor] flood stage disk watermark [95%] exceeded on [ZnD9i9X7Q5a7M2nqwTz6Fg][sonarqube][/Users/macamara/Downloads/sonarqube-9.5.0.56709/data/es7/nodes/0] free: 9.7gb[4.1%], all indices on this node will be marked read-only
2022.09.03 12:28:26 WARN  es[][o.e.c.r.a.DiskThresholdMonitor] flood stage disk watermark [95%] exceeded on [ZnD9i9X7Q5a7M2nqwTz6Fg][sonarqube][/Users/macamara/Downloads/sonarqube-9.5.0.56709/data/es7/nodes/0] free: 9.7gb[4.1%], all indices on this node will be marked read-only
2022.09.03 12:28:56 WARN  es[][o.e.c.r.a.DiskThresholdMonitor] flood stage disk watermark [95%] exceeded on [ZnD9i9X7Q5a7M2nqwTz6Fg][sonarqube][/Users/macamara/Downloads/sonarqube-9.5.0.56709/data/es7/nodes/0] free: 9.7gb[4.1%], all indices on this node will be marked read-only
2022.09.03 12:29:26 WARN  es[][o.e.c.r.a.DiskThresholdMonitor] flood stage disk watermark [95%] exceeded on [ZnD9i9X7Q5a7M2nqwTz6Fg][sonarqube][/Users/macamara/Downloads/sonarqube-9.5.0.56709/data/es7/nodes/0] free: 9.7gb[4.1%], all indices on this node will be marked read-only
2022.09.03 12:29:56 WARN  es[][o.e.c.r.a.DiskThresholdMonitor] flood stage disk watermark [95%] exceeded on [ZnD9i9X7Q5a7M2nqwTz6Fg][sonarqube][/Users/macamara/Downloads/sonarqube-9.5.0.56709/data/es7/nodes/0] free: 8.7gb[3.7%], all indices on this node will be marked read-only
2022.09.03 12:30:14 WARN  es[][o.e.t.ThreadPool] absolute clock went backwards by [734ms/734ms] while timer thread was sleeping
2022.09.03 12:30:25 WARN  es[][o.e.c.r.a.DiskThresholdMonitor] flood stage disk watermark [95%] exceeded on [ZnD9i9X7Q5a7M2nqwTz6Fg][sonarqube][/Users/macamara/Downloads/sonarqube-9.5.0.56709/data/es7/nodes/0] free: 8.7gb[3.7%], all indices on this node will be marked read-only
2022.09.03 12:30:55 WARN  es[][o.e.c.r.a.DiskThresholdMonitor] flood stage disk watermark [95%] exceeded on [ZnD9i9X7Q5a7M2nqwTz6Fg][sonarqube][/Users/macamara/Downloads/sonarqube-9.5.0.56709/data/es7/nodes/0] free: 8.7gb[3.7%], all indices on this node will be marked read-only
2022.09.03 12:31:25 WARN  es[][o.e.c.r.a.DiskThresholdMonitor] flood stage disk watermark [95%] exceeded on [ZnD9i9X7Q5a7M2nqwTz6Fg][sonarqube][/Users/macamara/Downloads/sonarqube-9.5.0.56709/data/es7/nodes/0] free: 9.7gb[4.1%], all indices on this node will be marked read-only
2022.09.03 12:32:13 WARN  es[][o.e.t.ThreadPool] timer thread slept for [27.1s/27122ms] on absolute clock which is above the warn threshold of [5000ms]
2022.09.03 12:32:13 WARN  es[][o.e.t.ThreadPool] timer thread slept for [16.7s/16723218317ns] on relative clock which is above the warn threshold of [5000ms]
2022.09.03 12:32:13 WARN  es[][o.e.c.r.a.DiskThresholdMonitor] flood stage disk watermark [95%] exceeded on [ZnD9i9X7Q5a7M2nqwTz6Fg][sonarqube][/Users/macamara/Downloads/sonarqube-9.5.0.56709/data/es7/nodes/0] free: 6.7gb[2.8%], all indices on this node will be marked read-only
2022.09.03 12:32:43 WARN  es[][o.e.c.r.a.DiskThresholdMonitor] flood stage disk watermark [95%] exceeded on [ZnD9i9X7Q5a7M2nqwTz6Fg][sonarqube][/Users/macamara/Downloads/sonarqube-9.5.0.56709/data/es7/nodes/0] free: 7.7gb[3.3%], all indices on this node will be marked read-only
2022.09.03 12:33:13 WARN  es[][o.e.c.r.a.DiskThresholdMonitor] flood stage disk watermark [95%] exceeded on [ZnD9i9X7Q5a7M2nqwTz6Fg][sonarqube][/Users/macamara/Downloads/sonarqube-9.5.0.56709/data/es7/nodes/0] free: 7.7gb[3.3%], all indices on this node will be marked read-only
2022.09.03 12:33:43 WARN  es[][o.e.c.r.a.DiskThresholdMonitor] flood stage disk watermark [95%] exceeded on [ZnD9i9X7Q5a7M2nqwTz6Fg][sonarqube][/Users/macamara/Downloads/sonarqube-9.5.0.56709/data/es7/nodes/0] free: 8.7gb[3.7%], all indices on this node will be marked read-only
2022.09.03 12:34:13 WARN  es[][o.e.c.r.a.DiskThresholdMonitor] flood stage disk watermark [95%] exceeded on [ZnD9i9X7Q5a7M2nqwTz6Fg][sonarqube][/Users/macamara/Downloads/sonarqube-9.5.0.56709/data/es7/nodes/0] free: 8.7gb[3.7%], all indices on this node will be marked read-only
2022.09.03 12:34:43 WARN  es[][o.e.c.r.a.DiskThresholdMonitor] flood stage disk watermark [95%] exceeded on [ZnD9i9X7Q5a7M2nqwTz6Fg][sonarqube][/Users/macamara/Downloads/sonarqube-9.5.0.56709/data/es7/nodes/0] free: 8.7gb[3.7%], all indices on this node will be marked read-only
2022.09.03 12:35:13 WARN  es[][o.e.c.r.a.DiskThresholdMonitor] flood stage disk watermark [95%] exceeded on [ZnD9i9X7Q5a7M2nqwTz6Fg][sonarqube][/Users/macamara/Downloads/sonarqube-9.5.0.56709/data/es7/nodes/0] free: 8.7gb[3.7%], all indices on this node will be marked read-only
2022.09.03 12:35:43 WARN  es[][o.e.c.r.a.DiskThresholdMonitor] flood stage disk watermark [95%] exceeded on [ZnD9i9X7Q5a7M2nqwTz6Fg][sonarqube][/Users/macamara/Downloads/sonarqube-9.5.0.56709/data/es7/nodes/0] free: 8.7gb[3.7%], all indices on this node will be marked read-only
2022.09.03 12:36:13 WARN  es[][o.e.c.r.a.DiskThresholdMonitor] flood stage disk watermark [95%] exceeded on [ZnD9i9X7Q5a7M2nqwTz6Fg][sonarqube][/Users/macamara/Downloads/sonarqube-9.5.0.56709/data/es7/nodes/0] free: 8.7gb[3.7%], all indices on this node will be marked read-only
2022.09.03 13:05:46 WARN  es[][o.e.t.ThreadPool] timer thread slept for [29.5m/1770398ms] on absolute clock which is above the warn threshold of [5000ms]
2022.09.03 13:06:12 WARN  es[][o.e.c.r.a.DiskThresholdMonitor] flood stage disk watermark [95%] exceeded on [ZnD9i9X7Q5a7M2nqwTz6Fg][sonarqube][/Users/macamara/Downloads/sonarqube-9.5.0.56709/data/es7/nodes/0] free: 9.7gb[4.1%], all indices on this node will be marked read-only
2022.09.03 13:06:42 WARN  es[][o.e.c.r.a.DiskThresholdMonitor] flood stage disk watermark [95%] exceeded on [ZnD9i9X7Q5a7M2nqwTz6Fg][sonarqube][/Users/macamara/Downloads/sonarqube-9.5.0.56709/data/es7/nodes/0] free: 9.7gb[4.1%], all indices on this node will be marked read-only
2022.09.03 13:22:53 WARN  es[][o.e.t.ThreadPool] timer thread slept for [15.9m/958939ms] on absolute clock which is above the warn threshold of [5000ms]
2022.09.03 13:23:09 WARN  es[][o.e.c.r.a.DiskThresholdMonitor] flood stage disk watermark [95%] exceeded on [ZnD9i9X7Q5a7M2nqwTz6Fg][sonarqube][/Users/macamara/Downloads/sonarqube-9.5.0.56709/data/es7/nodes/0] free: 9.7gb[4.1%], all indices on this node will be marked read-only
2022.09.03 13:23:39 WARN  es[][o.e.c.r.a.DiskThresholdMonitor] flood stage disk watermark [95%] exceeded on [ZnD9i9X7Q5a7M2nqwTz6Fg][sonarqube][/Users/macamara/Downloads/sonarqube-9.5.0.56709/data/es7/nodes/0] free: 9.7gb[4.1%], all indices on this node will be marked read-only
2022.09.03 13:41:19 WARN  es[][o.e.t.ThreadPool] timer thread slept for [17.6m/1056641ms] on absolute clock which is above the warn threshold of [5000ms]
2022.09.03 13:41:45 WARN  es[][o.e.c.r.a.DiskThresholdMonitor] flood stage disk watermark [95%] exceeded on [ZnD9i9X7Q5a7M2nqwTz6Fg][sonarqube][/Users/macamara/Downloads/sonarqube-9.5.0.56709/data/es7/nodes/0] free: 9.7gb[4.1%], all indices on this node will be marked read-only
2022.09.03 13:57:25 WARN  es[][o.e.t.ThreadPool] timer thread slept for [15.2m/916662ms] on absolute clock which is above the warn threshold of [5000ms]
2022.09.03 13:57:30 WARN  es[][o.e.c.r.a.DiskThresholdMonitor] flood stage disk watermark [95%] exceeded on [ZnD9i9X7Q5a7M2nqwTz6Fg][sonarqube][/Users/macamara/Downloads/sonarqube-9.5.0.56709/data/es7/nodes/0] free: 9.7gb[4.1%], all indices on this node will be marked read-only
2022.09.03 13:58:00 WARN  es[][o.e.c.r.a.DiskThresholdMonitor] flood stage disk watermark [95%] exceeded on [ZnD9i9X7Q5a7M2nqwTz6Fg][sonarqube][/Users/macamara/Downloads/sonarqube-9.5.0.56709/data/es7/nodes/0] free: 9.7gb[4.1%], all indices on this node will be marked read-only
2022.09.03 14:14:01 WARN  es[][o.e.t.ThreadPool] timer thread slept for [15.7m/946617ms] on absolute clock which is above the warn threshold of [5000ms]
2022.09.03 14:14:15 WARN  es[][o.e.c.r.a.DiskThresholdMonitor] flood stage disk watermark [95%] exceeded on [ZnD9i9X7Q5a7M2nqwTz6Fg][sonarqube][/Users/macamara/Downloads/sonarqube-9.5.0.56709/data/es7/nodes/0] free: 9.7gb[4.1%], all indices on this node will be marked read-only
2022.09.03 14:14:45 WARN  es[][o.e.c.r.a.DiskThresholdMonitor] flood stage disk watermark [95%] exceeded on [ZnD9i9X7Q5a7M2nqwTz6Fg][sonarqube][/Users/macamara/Downloads/sonarqube-9.5.0.56709/data/es7/nodes/0] free: 9.7gb[4.1%], all indices on this node will be marked read-only
2022.09.03 14:31:40 WARN  es[][o.e.t.ThreadPool] timer thread slept for [16.8m/1008045ms] on absolute clock which is above the warn threshold of [5000ms]
2022.09.03 14:32:02 WARN  es[][o.e.c.r.a.DiskThresholdMonitor] flood stage disk watermark [95%] exceeded on [ZnD9i9X7Q5a7M2nqwTz6Fg][sonarqube][/Users/macamara/Downloads/sonarqube-9.5.0.56709/data/es7/nodes/0] free: 9.7gb[4.1%], all indices on this node will be marked read-only
2022.09.03 14:32:32 WARN  es[][o.e.c.r.a.DiskThresholdMonitor] flood stage disk watermark [95%] exceeded on [ZnD9i9X7Q5a7M2nqwTz6Fg][sonarqube][/Users/macamara/Downloads/sonarqube-9.5.0.56709/data/es7/nodes/0] free: 8.7gb[3.7%], all indices on this node will be marked read-only
2022.09.03 14:33:02 WARN  es[][o.e.c.r.a.DiskThresholdMonitor] flood stage disk watermark [95%] exceeded on [ZnD9i9X7Q5a7M2nqwTz6Fg][sonarqube][/Users/macamara/Downloads/sonarqube-9.5.0.56709/data/es7/nodes/0] free: 7.7gb[3.3%], all indices on this node will be marked read-only
2022.09.03 14:33:32 WARN  es[][o.e.c.r.a.DiskThresholdMonitor] flood stage disk watermark [95%] exceeded on [ZnD9i9X7Q5a7M2nqwTz6Fg][sonarqube][/Users/macamara/Downloads/sonarqube-9.5.0.56709/data/es7/nodes/0] free: 7.7gb[3.3%], all indices on this node will be marked read-only
2022.09.03 14:37:10 WARN  es[][o.e.t.ThreadPool] timer thread slept for [3.3m/199139ms] on absolute clock which is above the warn threshold of [5000ms]
2022.09.03 14:37:19 WARN  es[][o.e.c.r.a.DiskThresholdMonitor] flood stage disk watermark [95%] exceeded on [ZnD9i9X7Q5a7M2nqwTz6Fg][sonarqube][/Users/macamara/Downloads/sonarqube-9.5.0.56709/data/es7/nodes/0] free: 7.7gb[3.3%], all indices on this node will be marked read-only
2022.09.03 15:24:47 WARN  es[][o.e.t.ThreadPool] timer thread slept for [47.4m/2846683ms] on absolute clock which is above the warn threshold of [5000ms]
2022.09.03 15:24:48 WARN  es[][o.e.t.ThreadPool] timer thread slept for [6.9s/6902010722ns] on relative clock which is above the warn threshold of [5000ms]
2022.09.03 17:25:04 WARN  es[][o.e.t.ThreadPool] timer thread slept for [1.9h/7199451ms] on absolute clock which is above the warn threshold of [5000ms]
2022.09.03 17:25:04 WARN  es[][o.e.c.r.a.DiskThresholdMonitor] flood stage disk watermark [95%] exceeded on [ZnD9i9X7Q5a7M2nqwTz6Fg][sonarqube][/Users/macamara/Downloads/sonarqube-9.5.0.56709/data/es7/nodes/0] free: 5.7gb[2.4%], all indices on this node will be marked read-only
2022.09.03 17:40:44 WARN  es[][o.e.t.ThreadPool] timer thread slept for [15.5m/930882ms] on absolute clock which is above the warn threshold of [5000ms]
2022.09.03 17:40:44 WARN  es[][o.e.t.ThreadPool] timer thread slept for [5.4s/5446298251ns] on relative clock which is above the warn threshold of [5000ms]
2022.09.03 18:04:22 WARN  es[][o.e.t.ThreadPool] timer thread slept for [23.3m/1403422ms] on absolute clock which is above the warn threshold of [5000ms]
2022.09.03 18:04:23 WARN  es[][o.e.c.r.a.DiskThresholdMonitor] flood stage disk watermark [95%] exceeded on [ZnD9i9X7Q5a7M2nqwTz6Fg][sonarqube][/Users/macamara/Downloads/sonarqube-9.5.0.56709/data/es7/nodes/0] free: 6.7gb[2.8%], all indices on this node will be marked read-only
2022.09.03 18:04:53 WARN  es[][o.e.c.r.a.DiskThresholdMonitor] flood stage disk watermark [95%] exceeded on [ZnD9i9X7Q5a7M2nqwTz6Fg][sonarqube][/Users/macamara/Downloads/sonarqube-9.5.0.56709/data/es7/nodes/0] free: 7.7gb[3.3%], all indices on this node will be marked read-only
2022.09.03 18:05:53 WARN  es[][o.e.t.ThreadPool] timer thread slept for [53.6s/53685ms] on absolute clock which is above the warn threshold of [5000ms]
2022.09.03 18:06:12 WARN  es[][o.e.c.r.a.DiskThresholdMonitor] flood stage disk watermark [95%] exceeded on [ZnD9i9X7Q5a7M2nqwTz6Fg][sonarqube][/Users/macamara/Downloads/sonarqube-9.5.0.56709/data/es7/nodes/0] free: 6.7gb[2.9%], all indices on this node will be marked read-only
2022.09.03 19:26:01 WARN  es[][o.e.t.ThreadPool] timer thread slept for [1.3h/4779119ms] on absolute clock which is above the warn threshold of [5000ms]
2022.09.03 19:46:32 WARN  es[][o.e.t.ThreadPool] timer thread slept for [20.4m/1224899ms] on absolute clock which is above the warn threshold of [5000ms]
2022.09.03 19:46:42 WARN  es[][o.e.c.r.a.DiskThresholdMonitor] flood stage disk watermark [95%] exceeded on [ZnD9i9X7Q5a7M2nqwTz6Fg][sonarqube][/Users/macamara/Downloads/sonarqube-9.5.0.56709/data/es7/nodes/0] free: 6.7gb[2.9%], all indices on this node will be marked read-only
2022.09.03 19:47:12 WARN  es[][o.e.c.r.a.DiskThresholdMonitor] flood stage disk watermark [95%] exceeded on [ZnD9i9X7Q5a7M2nqwTz6Fg][sonarqube][/Users/macamara/Downloads/sonarqube-9.5.0.56709/data/es7/nodes/0] free: 7.7gb[3.3%], all indices on this node will be marked read-only
2022.09.03 20:13:31 WARN  es[][o.e.t.ThreadPool] timer thread slept for [26.2m/1577407ms] on absolute clock which is above the warn threshold of [5000ms]
2022.09.03 20:13:58 WARN  es[][o.e.c.r.a.DiskThresholdMonitor] flood stage disk watermark [95%] exceeded on [ZnD9i9X7Q5a7M2nqwTz6Fg][sonarqube][/Users/macamara/Downloads/sonarqube-9.5.0.56709/data/es7/nodes/0] free: 8.7gb[3.7%], all indices on this node will be marked read-only
2022.09.03 22:14:03 WARN  es[][o.e.t.ThreadPool] timer thread slept for [1.9h/7197196ms] on absolute clock which is above the warn threshold of [5000ms]
2022.09.03 22:14:03 WARN  es[][o.e.t.ThreadPool] absolute clock went backwards by [61ms/61ms] while timer thread was sleeping
