2022.08.31 00:59:33 WARN  es[][o.e.t.ThreadPool] timer thread slept for [1.9h/7180678ms] on absolute clock which is above the warn threshold of [5000ms]
2022.08.31 00:59:34 WARN  es[][o.e.t.ThreadPool] timer thread slept for [7.2s/7243659742ns] on relative clock which is above the warn threshold of [5000ms]
2022.08.31 02:59:45 WARN  es[][o.e.t.ThreadPool] timer thread slept for [2h/7200422ms] on absolute clock which is above the warn threshold of [5000ms]
2022.08.31 05:00:07 WARN  es[][o.e.t.ThreadPool] timer thread slept for [2h/7201047ms] on absolute clock which is above the warn threshold of [5000ms]
2022.08.31 05:00:07 WARN  es[][o.e.t.ThreadPool] timer thread slept for [6s/6012890704ns] on relative clock which is above the warn threshold of [5000ms]
2022.08.31 07:00:18 WARN  es[][o.e.t.ThreadPool] timer thread slept for [2h/7202625ms] on absolute clock which is above the warn threshold of [5000ms]
2022.08.31 09:00:31 WARN  es[][o.e.t.ThreadPool] timer thread slept for [2h/7202601ms] on absolute clock which is above the warn threshold of [5000ms]
2022.08.31 09:59:58 WARN  es[][o.e.t.ThreadPool] timer thread slept for [59.2m/3557706ms] on absolute clock which is above the warn threshold of [5000ms]
2022.08.31 12:48:34 WARN  es[][o.e.t.ThreadPool] timer thread slept for [2.8h/10104589ms] on absolute clock which is above the warn threshold of [5000ms]
2022.08.31 14:48:05 WARN  es[][o.e.t.ThreadPool] timer thread slept for [1.9h/7163258ms] on absolute clock which is above the warn threshold of [5000ms]
2022.08.31 14:48:15 WARN  es[][o.e.t.ThreadPool] absolute clock went backwards by [8ms/8ms] while timer thread was sleeping
2022.08.31 19:19:10 WARN  es[][o.e.t.ThreadPool] timer thread slept for [4.5h/16253567ms] on absolute clock which is above the warn threshold of [5000ms]
2022.08.31 19:19:10 WARN  es[][o.e.t.ThreadPool] timer thread slept for [15.6s/15600007191ns] on relative clock which is above the warn threshold of [5000ms]
2022.08.31 19:19:34 WARN  es[][o.e.t.ThreadPool] absolute clock went backwards by [162ms/162ms] while timer thread was sleeping
2022.08.31 20:25:12 WARN  es[][o.e.c.r.a.DiskThresholdMonitor] high disk watermark [90%] exceeded on [ZnD9i9X7Q5a7M2nqwTz6Fg][sonarqube][/Users/macamara/Downloads/sonarqube-9.5.0.56709/data/es7/nodes/0] free: 22.9gb[9.8%], shards will be relocated away from this node; currently relocating away shards totalling [0] bytes; the node is expected to continue to exceed the high disk watermark when these relocations are complete
2022.08.31 20:26:42 WARN  es[][o.e.c.r.a.DiskThresholdMonitor] high disk watermark [90%] exceeded on [ZnD9i9X7Q5a7M2nqwTz6Fg][sonarqube][/Users/macamara/Downloads/sonarqube-9.5.0.56709/data/es7/nodes/0] free: 22.7gb[9.7%], shards will be relocated away from this node; currently relocating away shards totalling [0] bytes; the node is expected to continue to exceed the high disk watermark when these relocations are complete
2022.08.31 20:28:12 WARN  es[][o.e.c.r.a.DiskThresholdMonitor] high disk watermark [90%] exceeded on [ZnD9i9X7Q5a7M2nqwTz6Fg][sonarqube][/Users/macamara/Downloads/sonarqube-9.5.0.56709/data/es7/nodes/0] free: 22.6gb[9.7%], shards will be relocated away from this node; currently relocating away shards totalling [0] bytes; the node is expected to continue to exceed the high disk watermark when these relocations are complete
2022.08.31 20:29:42 WARN  es[][o.e.c.r.a.DiskThresholdMonitor] high disk watermark [90%] exceeded on [ZnD9i9X7Q5a7M2nqwTz6Fg][sonarqube][/Users/macamara/Downloads/sonarqube-9.5.0.56709/data/es7/nodes/0] free: 22.3gb[9.5%], shards will be relocated away from this node; currently relocating away shards totalling [0] bytes; the node is expected to continue to exceed the high disk watermark when these relocations are complete
2022.08.31 20:31:12 WARN  es[][o.e.c.r.a.DiskThresholdMonitor] high disk watermark [90%] exceeded on [ZnD9i9X7Q5a7M2nqwTz6Fg][sonarqube][/Users/macamara/Downloads/sonarqube-9.5.0.56709/data/es7/nodes/0] free: 20.9gb[8.9%], shards will be relocated away from this node; currently relocating away shards totalling [0] bytes; the node is expected to continue to exceed the high disk watermark when these relocations are complete
2022.08.31 20:32:42 WARN  es[][o.e.c.r.a.DiskThresholdMonitor] high disk watermark [90%] exceeded on [ZnD9i9X7Q5a7M2nqwTz6Fg][sonarqube][/Users/macamara/Downloads/sonarqube-9.5.0.56709/data/es7/nodes/0] free: 19.9gb[8.5%], shards will be relocated away from this node; currently relocating away shards totalling [0] bytes; the node is expected to continue to exceed the high disk watermark when these relocations are complete
2022.08.31 20:34:12 WARN  es[][o.e.c.r.a.DiskThresholdMonitor] high disk watermark [90%] exceeded on [ZnD9i9X7Q5a7M2nqwTz6Fg][sonarqube][/Users/macamara/Downloads/sonarqube-9.5.0.56709/data/es7/nodes/0] free: 19.8gb[8.5%], shards will be relocated away from this node; currently relocating away shards totalling [0] bytes; the node is expected to continue to exceed the high disk watermark when these relocations are complete
2022.08.31 20:35:42 WARN  es[][o.e.c.r.a.DiskThresholdMonitor] high disk watermark [90%] exceeded on [ZnD9i9X7Q5a7M2nqwTz6Fg][sonarqube][/Users/macamara/Downloads/sonarqube-9.5.0.56709/data/es7/nodes/0] free: 19.4gb[8.3%], shards will be relocated away from this node; currently relocating away shards totalling [0] bytes; the node is expected to continue to exceed the high disk watermark when these relocations are complete
2022.08.31 20:36:42 WARN  es[][o.e.c.r.a.DiskThresholdMonitor] high disk watermark [90%] exceeded on [ZnD9i9X7Q5a7M2nqwTz6Fg][sonarqube][/Users/macamara/Downloads/sonarqube-9.5.0.56709/data/es7/nodes/0] free: 19.3gb[8.2%], shards will be relocated away from this node; currently relocating away shards totalling [0] bytes; the node is expected to continue to exceed the high disk watermark when these relocations are complete
2022.08.31 20:37:42 WARN  es[][o.e.c.r.a.DiskThresholdMonitor] high disk watermark [90%] exceeded on [ZnD9i9X7Q5a7M2nqwTz6Fg][sonarqube][/Users/macamara/Downloads/sonarqube-9.5.0.56709/data/es7/nodes/0] free: 19gb[8.1%], shards will be relocated away from this node; currently relocating away shards totalling [0] bytes; the node is expected to continue to exceed the high disk watermark when these relocations are complete
2022.08.31 20:39:12 WARN  es[][o.e.c.r.a.DiskThresholdMonitor] high disk watermark [90%] exceeded on [ZnD9i9X7Q5a7M2nqwTz6Fg][sonarqube][/Users/macamara/Downloads/sonarqube-9.5.0.56709/data/es7/nodes/0] free: 18.9gb[8.1%], shards will be relocated away from this node; currently relocating away shards totalling [0] bytes; the node is expected to continue to exceed the high disk watermark when these relocations are complete
2022.08.31 20:40:42 WARN  es[][o.e.c.r.a.DiskThresholdMonitor] high disk watermark [90%] exceeded on [ZnD9i9X7Q5a7M2nqwTz6Fg][sonarqube][/Users/macamara/Downloads/sonarqube-9.5.0.56709/data/es7/nodes/0] free: 18.4gb[7.8%], shards will be relocated away from this node; currently relocating away shards totalling [0] bytes; the node is expected to continue to exceed the high disk watermark when these relocations are complete
2022.08.31 20:42:12 WARN  es[][o.e.c.r.a.DiskThresholdMonitor] high disk watermark [90%] exceeded on [ZnD9i9X7Q5a7M2nqwTz6Fg][sonarqube][/Users/macamara/Downloads/sonarqube-9.5.0.56709/data/es7/nodes/0] free: 17.4gb[7.4%], shards will be relocated away from this node; currently relocating away shards totalling [0] bytes; the node is expected to continue to exceed the high disk watermark when these relocations are complete
2022.08.31 20:43:12 WARN  es[][o.e.c.r.a.DiskThresholdMonitor] high disk watermark [90%] exceeded on [ZnD9i9X7Q5a7M2nqwTz6Fg][sonarqube][/Users/macamara/Downloads/sonarqube-9.5.0.56709/data/es7/nodes/0] free: 16.1gb[6.9%], shards will be relocated away from this node; currently relocating away shards totalling [0] bytes; the node is expected to continue to exceed the high disk watermark when these relocations are complete
2022.08.31 20:44:42 WARN  es[][o.e.c.r.a.DiskThresholdMonitor] high disk watermark [90%] exceeded on [ZnD9i9X7Q5a7M2nqwTz6Fg][sonarqube][/Users/macamara/Downloads/sonarqube-9.5.0.56709/data/es7/nodes/0] free: 14.8gb[6.3%], shards will be relocated away from this node; currently relocating away shards totalling [0] bytes; the node is expected to continue to exceed the high disk watermark when these relocations are complete
2022.08.31 20:46:12 WARN  es[][o.e.c.r.a.DiskThresholdMonitor] high disk watermark [90%] exceeded on [ZnD9i9X7Q5a7M2nqwTz6Fg][sonarqube][/Users/macamara/Downloads/sonarqube-9.5.0.56709/data/es7/nodes/0] free: 13.6gb[5.8%], shards will be relocated away from this node; currently relocating away shards totalling [0] bytes; the node is expected to continue to exceed the high disk watermark when these relocations are complete
2022.08.31 20:47:12 WARN  es[][o.e.c.r.a.DiskThresholdMonitor] high disk watermark [90%] exceeded on [ZnD9i9X7Q5a7M2nqwTz6Fg][sonarqube][/Users/macamara/Downloads/sonarqube-9.5.0.56709/data/es7/nodes/0] free: 12.7gb[5.4%], shards will be relocated away from this node; currently relocating away shards totalling [0] bytes; the node is expected to continue to exceed the high disk watermark when these relocations are complete
2022.08.31 20:48:12 WARN  es[][o.e.c.r.a.DiskThresholdMonitor] flood stage disk watermark [95%] exceeded on [ZnD9i9X7Q5a7M2nqwTz6Fg][sonarqube][/Users/macamara/Downloads/sonarqube-9.5.0.56709/data/es7/nodes/0] free: 11.5gb[4.9%], all indices on this node will be marked read-only
2022.08.31 20:48:42 WARN  es[][o.e.c.r.a.DiskThresholdMonitor] flood stage disk watermark [95%] exceeded on [ZnD9i9X7Q5a7M2nqwTz6Fg][sonarqube][/Users/macamara/Downloads/sonarqube-9.5.0.56709/data/es7/nodes/0] free: 9.3gb[3.9%], all indices on this node will be marked read-only
2022.08.31 20:49:12 WARN  es[][o.e.c.r.a.DiskThresholdMonitor] flood stage disk watermark [95%] exceeded on [ZnD9i9X7Q5a7M2nqwTz6Fg][sonarqube][/Users/macamara/Downloads/sonarqube-9.5.0.56709/data/es7/nodes/0] free: 7gb[3%], all indices on this node will be marked read-only
2022.08.31 20:49:42 WARN  es[][o.e.c.r.a.DiskThresholdMonitor] flood stage disk watermark [95%] exceeded on [ZnD9i9X7Q5a7M2nqwTz6Fg][sonarqube][/Users/macamara/Downloads/sonarqube-9.5.0.56709/data/es7/nodes/0] free: 7.7gb[3.3%], all indices on this node will be marked read-only
2022.08.31 20:50:12 WARN  es[][o.e.c.r.a.DiskThresholdMonitor] flood stage disk watermark [95%] exceeded on [ZnD9i9X7Q5a7M2nqwTz6Fg][sonarqube][/Users/macamara/Downloads/sonarqube-9.5.0.56709/data/es7/nodes/0] free: 6.5gb[2.7%], all indices on this node will be marked read-only
2022.08.31 20:50:42 WARN  es[][o.e.c.r.a.DiskThresholdMonitor] flood stage disk watermark [95%] exceeded on [ZnD9i9X7Q5a7M2nqwTz6Fg][sonarqube][/Users/macamara/Downloads/sonarqube-9.5.0.56709/data/es7/nodes/0] free: 7.4gb[3.1%], all indices on this node will be marked read-only
2022.08.31 20:51:12 WARN  es[][o.e.c.r.a.DiskThresholdMonitor] flood stage disk watermark [95%] exceeded on [ZnD9i9X7Q5a7M2nqwTz6Fg][sonarqube][/Users/macamara/Downloads/sonarqube-9.5.0.56709/data/es7/nodes/0] free: 8.4gb[3.6%], all indices on this node will be marked read-only
2022.08.31 20:51:42 WARN  es[][o.e.c.r.a.DiskThresholdMonitor] flood stage disk watermark [95%] exceeded on [ZnD9i9X7Q5a7M2nqwTz6Fg][sonarqube][/Users/macamara/Downloads/sonarqube-9.5.0.56709/data/es7/nodes/0] free: 8.4gb[3.6%], all indices on this node will be marked read-only
2022.08.31 20:52:12 WARN  es[][o.e.c.r.a.DiskThresholdMonitor] flood stage disk watermark [95%] exceeded on [ZnD9i9X7Q5a7M2nqwTz6Fg][sonarqube][/Users/macamara/Downloads/sonarqube-9.5.0.56709/data/es7/nodes/0] free: 9.4gb[4%], all indices on this node will be marked read-only
2022.08.31 20:56:24 WARN  es[][o.e.t.ThreadPool] timer thread slept for [3.9m/234632ms] on absolute clock which is above the warn threshold of [5000ms]
2022.08.31 20:56:35 WARN  es[][o.e.c.r.a.DiskThresholdMonitor] flood stage disk watermark [95%] exceeded on [ZnD9i9X7Q5a7M2nqwTz6Fg][sonarqube][/Users/macamara/Downloads/sonarqube-9.5.0.56709/data/es7/nodes/0] free: 9.4gb[4%], all indices on this node will be marked read-only
2022.08.31 21:03:27 WARN  es[][o.e.t.ThreadPool] timer thread slept for [6.7m/407443ms] on absolute clock which is above the warn threshold of [5000ms]
2022.08.31 21:03:51 WARN  es[][o.e.c.r.a.DiskThresholdMonitor] flood stage disk watermark [95%] exceeded on [ZnD9i9X7Q5a7M2nqwTz6Fg][sonarqube][/Users/macamara/Downloads/sonarqube-9.5.0.56709/data/es7/nodes/0] free: 9.4gb[4%], all indices on this node will be marked read-only
2022.08.31 21:04:24 WARN  es[][o.e.t.ThreadPool] timer thread slept for [25.2s/25233ms] on absolute clock which is above the warn threshold of [5000ms]
2022.08.31 21:04:45 WARN  es[][o.e.c.r.a.DiskThresholdMonitor] flood stage disk watermark [95%] exceeded on [ZnD9i9X7Q5a7M2nqwTz6Fg][sonarqube][/Users/macamara/Downloads/sonarqube-9.5.0.56709/data/es7/nodes/0] free: 9.4gb[4%], all indices on this node will be marked read-only
2022.08.31 21:31:12 WARN  es[][o.e.t.ThreadPool] timer thread slept for [26.2m/1577422ms] on absolute clock which is above the warn threshold of [5000ms]
2022.08.31 21:31:31 WARN  es[][o.e.c.r.a.DiskThresholdMonitor] flood stage disk watermark [95%] exceeded on [ZnD9i9X7Q5a7M2nqwTz6Fg][sonarqube][/Users/macamara/Downloads/sonarqube-9.5.0.56709/data/es7/nodes/0] free: 9.4gb[4%], all indices on this node will be marked read-only
2022.08.31 22:44:55 WARN  es[][o.e.t.ThreadPool] timer thread slept for [1.2h/4391078ms] on absolute clock which is above the warn threshold of [5000ms]
