2022.08.28 00:53:55 WARN  es[][o.e.t.ThreadPool] timer thread slept for [2h/7201094ms] on absolute clock which is above the warn threshold of [5000ms]
2022.08.28 02:54:12 WARN  es[][o.e.t.ThreadPool] timer thread slept for [2h/7203221ms] on absolute clock which is above the warn threshold of [5000ms]
2022.08.28 02:54:18 WARN  es[][o.e.c.r.a.DiskThresholdMonitor] flood stage disk watermark [95%] exceeded on [ZnD9i9X7Q5a7M2nqwTz6Fg][sonarqube][/Users/macamara/Downloads/sonarqube-9.5.0.56709/data/es7/nodes/0] free: 7.3gb[3.1%], all indices on this node will be marked read-only
2022.08.28 04:54:24 WARN  es[][o.e.t.ThreadPool] timer thread slept for [2h/7202952ms] on absolute clock which is above the warn threshold of [5000ms]
2022.08.28 06:54:39 WARN  es[][o.e.t.ThreadPool] timer thread slept for [2h/7203786ms] on absolute clock which is above the warn threshold of [5000ms]
2022.08.28 06:54:47 WARN  es[][o.e.c.r.a.DiskThresholdMonitor] flood stage disk watermark [95%] exceeded on [ZnD9i9X7Q5a7M2nqwTz6Fg][sonarqube][/Users/macamara/Downloads/sonarqube-9.5.0.56709/data/es7/nodes/0] free: 7.3gb[3.1%], all indices on this node will be marked read-only
2022.08.28 07:54:14 WARN  es[][o.e.t.ThreadPool] timer thread slept for [59.4m/3566061ms] on absolute clock which is above the warn threshold of [5000ms]
2022.08.28 15:08:45 WARN  es[][o.e.t.ThreadPool] timer thread slept for [7.2h/26045101ms] on absolute clock which is above the warn threshold of [5000ms]
2022.08.28 15:08:45 WARN  es[][o.e.c.r.a.DiskThresholdMonitor] flood stage disk watermark [95%] exceeded on [ZnD9i9X7Q5a7M2nqwTz6Fg][sonarqube][/Users/macamara/Downloads/sonarqube-9.5.0.56709/data/es7/nodes/0] free: 7.3gb[3.1%], all indices on this node will be marked read-only
2022.08.28 15:08:52 WARN  es[][o.e.t.ThreadPool] absolute clock went backwards by [274ms/274ms] while timer thread was sleeping
2022.08.28 15:09:15 WARN  es[][o.e.c.r.a.DiskThresholdMonitor] flood stage disk watermark [95%] exceeded on [ZnD9i9X7Q5a7M2nqwTz6Fg][sonarqube][/Users/macamara/Downloads/sonarqube-9.5.0.56709/data/es7/nodes/0] free: 9.3gb[4%], all indices on this node will be marked read-only
2022.08.28 15:09:45 WARN  es[][o.e.c.r.a.DiskThresholdMonitor] flood stage disk watermark [95%] exceeded on [ZnD9i9X7Q5a7M2nqwTz6Fg][sonarqube][/Users/macamara/Downloads/sonarqube-9.5.0.56709/data/es7/nodes/0] free: 9.5gb[4.1%], all indices on this node will be marked read-only
2022.08.28 15:10:15 WARN  es[][o.e.c.r.a.DiskThresholdMonitor] flood stage disk watermark [95%] exceeded on [ZnD9i9X7Q5a7M2nqwTz6Fg][sonarqube][/Users/macamara/Downloads/sonarqube-9.5.0.56709/data/es7/nodes/0] free: 9.5gb[4.1%], all indices on this node will be marked read-only
2022.08.28 15:10:45 WARN  es[][o.e.c.r.a.DiskThresholdMonitor] flood stage disk watermark [95%] exceeded on [ZnD9i9X7Q5a7M2nqwTz6Fg][sonarqube][/Users/macamara/Downloads/sonarqube-9.5.0.56709/data/es7/nodes/0] free: 9.3gb[4%], all indices on this node will be marked read-only
2022.08.28 15:11:15 WARN  es[][o.e.c.r.a.DiskThresholdMonitor] flood stage disk watermark [95%] exceeded on [ZnD9i9X7Q5a7M2nqwTz6Fg][sonarqube][/Users/macamara/Downloads/sonarqube-9.5.0.56709/data/es7/nodes/0] free: 9.7gb[4.1%], all indices on this node will be marked read-only
2022.08.28 15:11:45 WARN  es[][o.e.c.r.a.DiskThresholdMonitor] flood stage disk watermark [95%] exceeded on [ZnD9i9X7Q5a7M2nqwTz6Fg][sonarqube][/Users/macamara/Downloads/sonarqube-9.5.0.56709/data/es7/nodes/0] free: 9.7gb[4.1%], all indices on this node will be marked read-only
2022.08.28 15:12:15 WARN  es[][o.e.c.r.a.DiskThresholdMonitor] flood stage disk watermark [95%] exceeded on [ZnD9i9X7Q5a7M2nqwTz6Fg][sonarqube][/Users/macamara/Downloads/sonarqube-9.5.0.56709/data/es7/nodes/0] free: 9.7gb[4.1%], all indices on this node will be marked read-only
2022.08.28 15:12:45 WARN  es[][o.e.c.r.a.DiskThresholdMonitor] flood stage disk watermark [95%] exceeded on [ZnD9i9X7Q5a7M2nqwTz6Fg][sonarqube][/Users/macamara/Downloads/sonarqube-9.5.0.56709/data/es7/nodes/0] free: 9.7gb[4.1%], all indices on this node will be marked read-only
2022.08.28 15:13:15 WARN  es[][o.e.c.r.a.DiskThresholdMonitor] high disk watermark [90%] exceeded on [ZnD9i9X7Q5a7M2nqwTz6Fg][sonarqube][/Users/macamara/Downloads/sonarqube-9.5.0.56709/data/es7/nodes/0] free: 14.9gb[6.4%], shards will be relocated away from this node; currently relocating away shards totalling [0] bytes; the node is expected to continue to exceed the high disk watermark when these relocations are complete
2022.08.28 15:14:15 WARN  es[][o.e.c.r.a.DiskThresholdMonitor] high disk watermark [90%] exceeded on [ZnD9i9X7Q5a7M2nqwTz6Fg][sonarqube][/Users/macamara/Downloads/sonarqube-9.5.0.56709/data/es7/nodes/0] free: 18.6gb[7.9%], shards will be relocated away from this node; currently relocating away shards totalling [0] bytes; the node is expected to continue to exceed the high disk watermark when these relocations are complete
2022.08.28 15:15:45 WARN  es[][o.e.c.r.a.DiskThresholdMonitor] high disk watermark [90%] exceeded on [ZnD9i9X7Q5a7M2nqwTz6Fg][sonarqube][/Users/macamara/Downloads/sonarqube-9.5.0.56709/data/es7/nodes/0] free: 19.2gb[8.2%], shards will be relocated away from this node; currently relocating away shards totalling [0] bytes; the node is expected to continue to exceed the high disk watermark when these relocations are complete
2022.08.28 15:17:15 WARN  es[][o.e.c.r.a.DiskThresholdMonitor] high disk watermark [90%] exceeded on [ZnD9i9X7Q5a7M2nqwTz6Fg][sonarqube][/Users/macamara/Downloads/sonarqube-9.5.0.56709/data/es7/nodes/0] free: 20.5gb[8.8%], shards will be relocated away from this node; currently relocating away shards totalling [0] bytes; the node is expected to continue to exceed the high disk watermark when these relocations are complete
2022.08.28 15:18:15 WARN  es[][o.e.c.r.a.DiskThresholdMonitor] high disk watermark [90%] exceeded on [ZnD9i9X7Q5a7M2nqwTz6Fg][sonarqube][/Users/macamara/Downloads/sonarqube-9.5.0.56709/data/es7/nodes/0] free: 22gb[9.4%], shards will be relocated away from this node; currently relocating away shards totalling [0] bytes; the node is expected to continue to exceed the high disk watermark when these relocations are complete
2022.08.28 15:19:45 WARN  es[][o.e.c.r.a.DiskThresholdMonitor] high disk watermark [90%] exceeded on [ZnD9i9X7Q5a7M2nqwTz6Fg][sonarqube][/Users/macamara/Downloads/sonarqube-9.5.0.56709/data/es7/nodes/0] free: 22gb[9.4%], shards will be relocated away from this node; currently relocating away shards totalling [0] bytes; the node is expected to continue to exceed the high disk watermark when these relocations are complete
2022.08.28 15:20:45 INFO  es[][o.e.c.r.a.DiskThresholdMonitor] high disk watermark [90%] no longer exceeded on [ZnD9i9X7Q5a7M2nqwTz6Fg][sonarqube][/Users/macamara/Downloads/sonarqube-9.5.0.56709/data/es7/nodes/0] free: 30.1gb[12.9%], but low disk watermark [85%] is still exceeded
2022.08.28 15:20:45 INFO  es[][o.e.c.r.a.DiskThresholdMonitor] releasing read-only-allow-delete block on indices: [[components, metadatas, projectmeasures, rules, issues, views, users]]
2022.08.28 16:08:56 WARN  es[][o.e.t.ThreadPool] timer thread slept for [2.2m/133419ms] on absolute clock which is above the warn threshold of [5000ms]
2022.08.28 16:32:36 WARN  es[][o.e.t.ThreadPool] timer thread slept for [23m/1380716ms] on absolute clock which is above the warn threshold of [5000ms]
2022.08.28 17:39:44 INFO  es[][o.e.m.j.JvmGcMonitorService] [gc][68656] overhead, spent [330ms] collecting in the last [1s]
2022.08.28 19:05:45 WARN  es[][o.e.t.ThreadPool] timer thread slept for [5.8m/352400ms] on absolute clock which is above the warn threshold of [5000ms]
2022.08.28 19:15:47 WARN  es[][o.e.t.ThreadPool] timer thread slept for [9.7m/587389ms] on absolute clock which is above the warn threshold of [5000ms]
2022.08.28 19:15:56 WARN  es[][o.e.t.ThreadPool] absolute clock went backwards by [63ms/63ms] while timer thread was sleeping
2022.08.28 19:40:13 WARN  es[][o.e.t.ThreadPool] timer thread slept for [23.8m/1433171ms] on absolute clock which is above the warn threshold of [5000ms]
2022.08.28 19:59:16 WARN  es[][o.e.t.ThreadPool] timer thread slept for [18.7m/1127442ms] on absolute clock which is above the warn threshold of [5000ms]
2022.08.28 20:00:00 WARN  es[][o.e.t.ThreadPool] timer thread slept for [13.2s/13235ms] on absolute clock which is above the warn threshold of [5000ms]
2022.08.28 20:14:31 WARN  es[][o.e.t.ThreadPool] timer thread slept for [14.4m/865681ms] on absolute clock which is above the warn threshold of [5000ms]
2022.08.28 20:14:31 WARN  es[][o.e.t.ThreadPool] timer thread slept for [5.9s/5953525296ns] on relative clock which is above the warn threshold of [5000ms]
2022.08.28 22:14:50 WARN  es[][o.e.t.ThreadPool] timer thread slept for [1.9h/7183696ms] on absolute clock which is above the warn threshold of [5000ms]
