2022.08.29 00:15:02 WARN  es[][o.e.t.ThreadPool] timer thread slept for [2h/7202781ms] on absolute clock which is above the warn threshold of [5000ms]
2022.08.29 02:15:15 WARN  es[][o.e.t.ThreadPool] timer thread slept for [2h/7201982ms] on absolute clock which is above the warn threshold of [5000ms]
2022.08.29 04:15:29 WARN  es[][o.e.t.ThreadPool] timer thread slept for [2h/7203121ms] on absolute clock which is above the warn threshold of [5000ms]
2022.08.29 06:15:55 WARN  es[][o.e.t.ThreadPool] timer thread slept for [1.9h/7188641ms] on absolute clock which is above the warn threshold of [5000ms]
2022.08.29 07:00:51 WARN  es[][o.e.t.ThreadPool] timer thread slept for [44.8m/2688074ms] on absolute clock which is above the warn threshold of [5000ms]
2022.08.29 07:51:46 WARN  es[][o.e.t.ThreadPool] timer thread slept for [50.4m/3027989ms] on absolute clock which is above the warn threshold of [5000ms]
2022.08.29 13:53:57 WARN  es[][o.e.t.ThreadPool] timer thread slept for [6h/21698464ms] on absolute clock which is above the warn threshold of [5000ms]
2022.08.29 15:14:30 WARN  es[][o.e.t.ThreadPool] timer thread slept for [1.3h/4825445ms] on absolute clock which is above the warn threshold of [5000ms]
2022.08.29 15:14:40 WARN  es[][o.e.t.ThreadPool] absolute clock went backwards by [281ms/281ms] while timer thread was sleeping
2022.08.29 18:49:54 WARN  es[][o.e.t.ThreadPool] timer thread slept for [3.5h/12911414ms] on absolute clock which is above the warn threshold of [5000ms]
2022.08.29 18:49:54 WARN  es[][o.e.t.ThreadPool] timer thread slept for [11.5s/11518149406ns] on relative clock which is above the warn threshold of [5000ms]
2022.08.29 18:53:44 WARN  es[][o.e.t.ThreadPool] absolute clock went backwards by [128ms/128ms] while timer thread was sleeping
2022.08.29 20:20:21 WARN  es[][o.e.t.ThreadPool] timer thread slept for [15.1m/908846ms] on absolute clock which is above the warn threshold of [5000ms]
2022.08.29 20:28:08 WARN  es[][o.e.t.ThreadPool] timer thread slept for [6.9m/416286ms] on absolute clock which is above the warn threshold of [5000ms]
2022.08.29 21:21:12 INFO  es[][o.e.m.j.JvmGcMonitorService] [gc][81458] overhead, spent [432ms] collecting in the last [1.1s]
2022.08.29 21:29:54 WARN  es[][o.e.t.ThreadPool] timer thread slept for [10.9s/10970ms] on absolute clock which is above the warn threshold of [5000ms]
2022.08.29 21:31:52 WARN  es[][o.e.t.ThreadPool] timer thread slept for [1.3m/80506ms] on absolute clock which is above the warn threshold of [5000ms]
2022.08.29 21:34:49 WARN  es[][o.e.t.ThreadPool] timer thread slept for [1.7m/104457ms] on absolute clock which is above the warn threshold of [5000ms]
2022.08.29 22:26:51 WARN  es[][o.e.t.ThreadPool] timer thread slept for [51.7m/3107600ms] on absolute clock which is above the warn threshold of [5000ms]
2022.08.29 23:33:05 WARN  es[][o.e.t.ThreadPool] timer thread slept for [1h/3934009ms] on absolute clock which is above the warn threshold of [5000ms]
